<?xml version="1.0" encoding="utf-8"?><testsuites name="pytest tests"><testsuite name="pytest" errors="0" failures="0" skipped="0" tests="12" time="2.488" timestamp="2026-06-07T23:40:35.951049+00:00" hostname="agent-env-8a440cb9-8d53-46a3-8e3d-caa916922783"><testcase classname="backend.tests.test_afterglow" name="test_register_and_me" time="0.528" /><testcase classname="backend.tests.test_afterglow" name="test_duplicate_register" time="0.136" /><testcase classname="backend.tests.test_afterglow" name="test_login_invalid" time="0.131" /><testcase classname="backend.tests.test_afterglow" name="test_login_success" time="0.368" /><testcase classname="backend.tests.test_afterglow" name="test_me_unauthenticated" time="0.104" /><testcase classname="backend.tests.test_afterglow" name="test_seed_demo_creates_four" time="0.115" /><testcase classname="backend.tests.test_afterglow" name="test_seed_demo_idempotent" time="0.063" /><testcase classname="backend.tests.test_afterglow" name="test_scrapbook_crud" time="0.369" /><testcase classname="backend.tests.test_afterglow" name="test_home_get_and_put" time="0.207" /><testcase classname="backend.tests.test_afterglow" name="test_upload_photo" time="0.164" /><testcase classname="backend.tests.test_afterglow" name="test_upload_requires_auth" time="0.098" /><testcase classname="backend.tests.test_afterglow" name="test_logout" time="0.053" /></testsuite></testsuites>